{
  "metadata": {
    "timestamp": "2025-05-09 23:03:08",
    "total_records": 1000000,
    "iterations": 5
  },
  "db_version": "PostgreSQL 17.5 on x86_64-pc-linux-musl, compiled by gcc (Alpine 14.2.0) 14.2.0, 64-bit",
  "uuid_v7_available": false,
  "table_stats": {
    "parent_serial": {
      "row_count": 1000000,
      "table_size": "50 MB",
      "total_size": "71 MB"
    },
    "child_serial": {
      "row_count": 1999571,
      "table_size": "129 MB",
      "total_size": "207 MB"
    },
    "parent_uuid": {
      "row_count": 1000000,
      "table_size": "65 MB",
      "total_size": "103 MB"
    },
    "child_uuid": {
      "row_count": 2000473,
      "table_size": "178 MB",
      "total_size": "312 MB"
    }
  },
  "index_stats": {
    "child_uuid_pkey": {
      "index_size": "76 MB",
      "index_scans": 0
    },
    "idx_child_uuid_parent_id": {
      "index_size": "59 MB",
      "index_scans": 0
    },
    "child_serial_pkey": {
      "index_size": "43 MB",
      "index_scans": 0
    },
    "parent_uuid_pkey": {
      "index_size": "38 MB",
      "index_scans": 2000473
    },
    "idx_child_serial_parent_id": {
      "index_size": "36 MB",
      "index_scans": 0
    },
    "parent_serial_pkey": {
      "index_size": "21 MB",
      "index_scans": 1999571
    }
  },
  "test_results": [
    {
      "name": "Join Simples - Serial",
      "type": "serial",
      "query": "SELECT p.id, p.name, c.description FROM parent_serial p JOIN child_serial c ON p.id = c.parent_id WHERE p.value > 500 LIMIT 1000",
      "avg_time_ms": 0.95,
      "min_time_ms": 0.83,
      "max_time_ms": 1.33,
      "std_dev_ms": 0.19,
      "execution_plan": [
        {
          "Plan": {
            "Node Type": "Limit",
            "Parallel Aware": false,
            "Async Capable": false,
            "Startup Cost": 5.95,
            "Total Cost": 122.18,
            "Plan Rows": 1000,
            "Plan Width": 38,
            "Actual Startup Time": 0.024,
            "Actual Total Time": 0.534,
            "Actual Rows": 1000,
            "Actual Loops": 1,
            "Shared Hit Blocks": 34,
            "Shared Read Blocks": 0,
            "Shared Dirtied Blocks": 0,
            "Shared Written Blocks": 0,
            "Local Hit Blocks": 0,
            "Local Read Blocks": 0,
            "Local Dirtied Blocks": 0,
            "Local Written Blocks": 0,
            "Temp Read Blocks": 0,
            "Temp Written Blocks": 0,
            "Plans": [
              {
                "Node Type": "Merge Join",
                "Parent Relationship": "Outer",
                "Parallel Aware": false,
                "Async Capable": false,
                "Join Type": "Inner",
                "Startup Cost": 5.95,
                "Total Cost": 115865.48,
                "Plan Rows": 996792,
                "Plan Width": 38,
                "Actual Startup Time": 0.023,
                "Actual Total Time": 0.49,
                "Actual Rows": 1000,
                "Actual Loops": 1,
                "Inner Unique": false,
                "Merge Cond": "(p.id = c.parent_id)",
                "Shared Hit Blocks": 34,
                "Shared Read Blocks": 0,
                "Shared Dirtied Blocks": 0,
                "Shared Written Blocks": 0,
                "Local Hit Blocks": 0,
                "Local Read Blocks": 0,
                "Local Dirtied Blocks": 0,
                "Local Written Blocks": 0,
                "Temp Read Blocks": 0,
                "Temp Written Blocks": 0,
                "Plans": [
                  {
                    "Node Type": "Index Scan",
                    "Parent Relationship": "Outer",
                    "Parallel Aware": false,
                    "Async Capable": false,
                    "Scan Direction": "Forward",
                    "Index Name": "parent_serial_pkey",
                    "Relation Name": "parent_serial",
                    "Alias": "p",
                    "Startup Cost": 0.42,
                    "Total Cost": 34853.43,
                    "Plan Rows": 498503,
                    "Plan Width": 15,
                    "Actual Startup Time": 0.011,
                    "Actual Total Time": 0.117,
                    "Actual Rows": 518,
                    "Actual Loops": 1,
                    "Filter": "(value > 500)",
                    "Rows Removed by Filter": 497,
                    "Shared Hit Blocks": 12,
                    "Shared Read Blocks": 0,
                    "Shared Dirtied Blocks": 0,
                    "Shared Written Blocks": 0,
                    "Local Hit Blocks": 0,
                    "Local Read Blocks": 0,
                    "Local Dirtied Blocks": 0,
                    "Local Written Blocks": 0,
                    "Temp Read Blocks": 0,
                    "Temp Written Blocks": 0
                  },
                  {
                    "Node Type": "Index Scan",
                    "Parent Relationship": "Inner",
                    "Parallel Aware": false,
                    "Async Capable": false,
                    "Scan Direction": "Forward",
                    "Index Name": "idx_child_serial_parent_id",
                    "Relation Name": "child_serial",
                    "Alias": "c",
                    "Startup Cost": 0.43,
                    "Total Cost": 64799.99,
                    "Plan Rows": 1999571,
                    "Plan Width": 27,
                    "Actual Startup Time": 0.009,
                    "Actual Total Time": 0.182,
                    "Actual Rows": 2002,
                    "Actual Loops": 1,
                    "Shared Hit Blocks": 22,
                    "Shared Read Blocks": 0,
                    "Shared Dirtied Blocks": 0,
                    "Shared Written Blocks": 0,
                    "Local Hit Blocks": 0,
                    "Local Read Blocks": 0,
                    "Local Dirtied Blocks": 0,
                    "Local Written Blocks": 0,
                    "Temp Read Blocks": 0,
                    "Temp Written Blocks": 0
                  }
                ]
              }
            ]
          },
          "Planning": {
            "Shared Hit Blocks": 87,
            "Shared Read Blocks": 0,
            "Shared Dirtied Blocks": 1,
            "Shared Written Blocks": 0,
            "Local Hit Blocks": 0,
            "Local Read Blocks": 0,
            "Local Dirtied Blocks": 0,
            "Local Written Blocks": 0,
            "Temp Read Blocks": 0,
            "Temp Written Blocks": 0
          },
          "Planning Time": 0.326,
          "Triggers": [],
          "Execution Time": 0.578
        }
      ]
    },
    {
      "name": "Join Simples - UUID",
      "type": "uuid",
      "query": "SELECT p.id, p.name, c.description FROM parent_uuid p JOIN child_uuid c ON p.id = c.parent_id WHERE p.value > 500 LIMIT 1000",
      "avg_time_ms": 2.64,
      "min_time_ms": 2.15,
      "max_time_ms": 3.32,
      "std_dev_ms": 0.45,
      "execution_plan": [
        {
          "Plan": {
            "Node Type": "Limit",
            "Parallel Aware": false,
            "Async Capable": false,
            "Startup Cost": 0.43,
            "Total Cost": 382.72,
            "Plan Rows": 1000,
            "Plan Width": 60,
            "Actual Startup Time": 0.021,
            "Actual Total Time": 2.111,
            "Actual Rows": 1000,
            "Actual Loops": 1,
            "Shared Hit Blocks": 2037,
            "Shared Read Blocks": 0,
            "Shared Dirtied Blocks": 0,
            "Shared Written Blocks": 0,
            "Local Hit Blocks": 0,
            "Local Read Blocks": 0,
            "Local Dirtied Blocks": 0,
            "Local Written Blocks": 0,
            "Temp Read Blocks": 0,
            "Temp Written Blocks": 0,
            "Plans": [
              {
                "Node Type": "Nested Loop",
                "Parent Relationship": "Outer",
                "Parallel Aware": false,
                "Async Capable": false,
                "Join Type": "Inner",
                "Startup Cost": 0.43,
                "Total Cost": 384365.53,
                "Plan Rows": 1005434,
                "Plan Width": 60,
                "Actual Startup Time": 0.02,
                "Actual Total Time": 2.046,
                "Actual Rows": 1000,
                "Actual Loops": 1,
                "Inner Unique": false,
                "Shared Hit Blocks": 2037,
                "Shared Read Blocks": 0,
                "Shared Dirtied Blocks": 0,
                "Shared Written Blocks": 0,
                "Local Hit Blocks": 0,
                "Local Read Blocks": 0,
                "Local Dirtied Blocks": 0,
                "Local Written Blocks": 0,
                "Temp Read Blocks": 0,
                "Temp Written Blocks": 0,
                "Plans": [
                  {
                    "Node Type": "Seq Scan",
                    "Parent Relationship": "Outer",
                    "Parallel Aware": false,
                    "Async Capable": false,
                    "Relation Name": "parent_uuid",
                    "Alias": "p",
                    "Startup Cost": 0.0,
                    "Total Cost": 20834.0,
                    "Plan Rows": 502598,
                    "Plan Width": 32,
                    "Actual Startup Time": 0.007,
                    "Actual Total Time": 0.113,
                    "Actual Rows": 506,
                    "Actual Loops": 1,
                    "Filter": "(value > 500)",
                    "Rows Removed by Filter": 447,
                    "Shared Hit Blocks": 9,
                    "Shared Read Blocks": 0,
                    "Shared Dirtied Blocks": 0,
                    "Shared Written Blocks": 0,
                    "Local Hit Blocks": 0,
                    "Local Read Blocks": 0,
                    "Local Dirtied Blocks": 0,
                    "Local Written Blocks": 0,
                    "Temp Read Blocks": 0,
                    "Temp Written Blocks": 0
                  },
                  {
                    "Node Type": "Index Scan",
                    "Parent Relationship": "Inner",
                    "Parallel Aware": false,
                    "Async Capable": false,
                    "Scan Direction": "Forward",
                    "Index Name": "idx_child_uuid_parent_id",
                    "Relation Name": "child_uuid",
                    "Alias": "c",
                    "Startup Cost": 0.43,
                    "Total Cost": 0.7,
                    "Plan Rows": 2,
                    "Plan Width": 44,
                    "Actual Startup Time": 0.003,
                    "Actual Total Time": 0.003,
                    "Actual Rows": 2,
                    "Actual Loops": 506,
                    "Index Cond": "(parent_id = p.id)",
                    "Rows Removed by Index Recheck": 0,
                    "Shared Hit Blocks": 2028,
                    "Shared Read Blocks": 0,
                    "Shared Dirtied Blocks": 0,
                    "Shared Written Blocks": 0,
                    "Local Hit Blocks": 0,
                    "Local Read Blocks": 0,
                    "Local Dirtied Blocks": 0,
                    "Local Written Blocks": 0,
                    "Temp Read Blocks": 0,
                    "Temp Written Blocks": 0
                  }
                ]
              }
            ]
          },
          "Planning": {
            "Shared Hit Blocks": 103,
            "Shared Read Blocks": 1,
            "Shared Dirtied Blocks": 0,
            "Shared Written Blocks": 0,
            "Local Hit Blocks": 0,
            "Local Read Blocks": 0,
            "Local Dirtied Blocks": 0,
            "Local Written Blocks": 0,
            "Temp Read Blocks": 0,
            "Temp Written Blocks": 0
          },
          "Planning Time": 0.488,
          "Triggers": [],
          "Execution Time": 2.178
        }
      ]
    },
    {
      "name": "Join Complexo - Serial",
      "type": "serial",
      "query": "SELECT p.name, COUNT(c.id) as child_count, AVG(p.value) as avg_value FROM parent_serial p LEFT JOIN child_serial c ON p.id = c.parent_id WHERE p.value BETWEEN 200 AND 800 GROUP BY p.name ORDER BY child_count DESC LIMIT 100",
      "avg_time_ms": 1287.0,
      "min_time_ms": 1272.39,
      "max_time_ms": 1305.71,
      "std_dev_ms": 11.5,
      "execution_plan": [
        {
          "Plan": {
            "Node Type": "Limit",
            "Parallel Aware": false,
            "Async Capable": false,
            "Startup Cost": 110195.45,
            "Total Cost": 110195.7,
            "Plan Rows": 100,
            "Plan Width": 51,
            "Actual Startup Time": 1270.664,
            "Actual Total Time": 1270.675,
            "Actual Rows": 100,
            "Actual Loops": 1,
            "Shared Hit Blocks": 22837,
            "Shared Read Blocks": 0,
            "Shared Dirtied Blocks": 0,
            "Shared Written Blocks": 0,
            "Local Hit Blocks": 0,
            "Local Read Blocks": 0,
            "Local Dirtied Blocks": 0,
            "Local Written Blocks": 0,
            "Temp Read Blocks": 0,
            "Temp Written Blocks": 0,
            "Plans": [
              {
                "Node Type": "Sort",
                "Parent Relationship": "Outer",
                "Parallel Aware": false,
                "Async Capable": false,
                "Startup Cost": 110195.45,
                "Total Cost": 111701.33,
                "Plan Rows": 602355,
                "Plan Width": 51,
                "Actual Startup Time": 1261.351,
                "Actual Total Time": 1261.357,
                "Actual Rows": 100,
                "Actual Loops": 1,
                "Sort Key": [
                  "(count(c.id)) DESC"
                ],
                "Sort Method": "top-N heapsort",
                "Sort Space Used": 35,
                "Sort Space Type": "Memory",
                "Shared Hit Blocks": 22837,
                "Shared Read Blocks": 0,
                "Shared Dirtied Blocks": 0,
                "Shared Written Blocks": 0,
                "Local Hit Blocks": 0,
                "Local Read Blocks": 0,
                "Local Dirtied Blocks": 0,
                "Local Written Blocks": 0,
                "Temp Read Blocks": 0,
                "Temp Written Blocks": 0,
                "Plans": [
                  {
                    "Node Type": "Aggregate",
                    "Strategy": "Hashed",
                    "Partial Mode": "Simple",
                    "Parent Relationship": "Outer",
                    "Parallel Aware": false,
                    "Async Capable": false,
                    "Startup Cost": 79644.43,
                    "Total Cost": 87173.87,
                    "Plan Rows": 602355,
                    "Plan Width": 51,
                    "Actual Startup Time": 949.173,
                    "Actual Total Time": 1182.929,
                    "Actual Rows": 600542,
                    "Actual Loops": 1,
                    "Group Key": [
                      "p.name"
                    ],
                    "Planned Partitions": 0,
                    "HashAgg Batches": 1,
                    "Peak Memory Usage": 114705,
                    "Disk Usage": 0,
                    "Shared Hit Blocks": 22837,
                    "Shared Read Blocks": 0,
                    "Shared Dirtied Blocks": 0,
                    "Shared Written Blocks": 0,
                    "Local Hit Blocks": 0,
                    "Local Read Blocks": 0,
                    "Local Dirtied Blocks": 0,
                    "Local Written Blocks": 0,
                    "Temp Read Blocks": 0,
                    "Temp Written Blocks": 0,
                    "Plans": [
                      {
                        "Node Type": "Hash Join",
                        "Parent Relationship": "Outer",
                        "Parallel Aware": false,
                        "Async Capable": false,
                        "Join Type": "Right",
                        "Startup Cost": 28899.44,
                        "Total Cost": 70611.04,
                        "Plan Rows": 1204452,
                        "Plan Width": 19,
                        "Actual Startup Time": 193.837,
                        "Actual Total Time": 643.352,
                        "Actual Rows": 1200605,
                        "Actual Loops": 1,
                        "Inner Unique": true,
                        "Hash Cond": "(c.parent_id = p.id)",
                        "Shared Hit Blocks": 22837,
                        "Shared Read Blocks": 0,
                        "Shared Dirtied Blocks": 0,
                        "Shared Written Blocks": 0,
                        "Local Hit Blocks": 0,
                        "Local Read Blocks": 0,
                        "Local Dirtied Blocks": 0,
                        "Local Written Blocks": 0,
                        "Temp Read Blocks": 0,
                        "Temp Written Blocks": 0,
                        "Plans": [
                          {
                            "Node Type": "Seq Scan",
                            "Parent Relationship": "Outer",
                            "Parallel Aware": false,
                            "Async Capable": false,
                            "Relation Name": "child_serial",
                            "Alias": "c",
                            "Startup Cost": 0.0,
                            "Total Cost": 36462.71,
                            "Plan Rows": 1999571,
                            "Plan Width": 8,
                            "Actual Startup Time": 0.018,
                            "Actual Total Time": 79.765,
                            "Actual Rows": 1999571,
                            "Actual Loops": 1,
                            "Shared Hit Blocks": 16467,
                            "Shared Read Blocks": 0,
                            "Shared Dirtied Blocks": 0,
                            "Shared Written Blocks": 0,
                            "Local Hit Blocks": 0,
                            "Local Read Blocks": 0,
                            "Local Dirtied Blocks": 0,
                            "Local Written Blocks": 0,
                            "Temp Read Blocks": 0,
                            "Temp Written Blocks": 0
                          },
                          {
                            "Node Type": "Hash",
                            "Parent Relationship": "Inner",
                            "Parallel Aware": false,
                            "Async Capable": false,
                            "Startup Cost": 21370.0,
                            "Total Cost": 21370.0,
                            "Plan Rows": 602355,
                            "Plan Width": 19,
                            "Actual Startup Time": 191.571,
                            "Actual Total Time": 191.572,
                            "Actual Rows": 600542,
                            "Actual Loops": 1,
                            "Hash Buckets": 1048576,
                            "Original Hash Buckets": 1048576,
                            "Hash Batches": 1,
                            "Original Hash Batches": 1,
                            "Peak Memory Usage": 38689,
                            "Shared Hit Blocks": 6370,
                            "Shared Read Blocks": 0,
                            "Shared Dirtied Blocks": 0,
                            "Shared Written Blocks": 0,
                            "Local Hit Blocks": 0,
                            "Local Read Blocks": 0,
                            "Local Dirtied Blocks": 0,
                            "Local Written Blocks": 0,
                            "Temp Read Blocks": 0,
                            "Temp Written Blocks": 0,
                            "Plans": [
                              {
                                "Node Type": "Seq Scan",
                                "Parent Relationship": "Outer",
                                "Parallel Aware": false,
                                "Async Capable": false,
                                "Relation Name": "parent_serial",
                                "Alias": "p",
                                "Startup Cost": 0.0,
                                "Total Cost": 21370.0,
                                "Plan Rows": 602355,
                                "Plan Width": 19,
                                "Actual Startup Time": 0.032,
                                "Actual Total Time": 63.978,
                                "Actual Rows": 600542,
                                "Actual Loops": 1,
                                "Filter": "((value >= 200) AND (value <= 800))",
                                "Rows Removed by Filter": 399458,
                                "Shared Hit Blocks": 6370,
                                "Shared Read Blocks": 0,
                                "Shared Dirtied Blocks": 0,
                                "Shared Written Blocks": 0,
                                "Local Hit Blocks": 0,
                                "Local Read Blocks": 0,
                                "Local Dirtied Blocks": 0,
                                "Local Written Blocks": 0,
                                "Temp Read Blocks": 0,
                                "Temp Written Blocks": 0
                              }
                            ]
                          }
                        ]
                      }
                    ]
                  }
                ]
              }
            ]
          },
          "Planning": {
            "Shared Hit Blocks": 44,
            "Shared Read Blocks": 1,
            "Shared Dirtied Blocks": 0,
            "Shared Written Blocks": 0,
            "Local Hit Blocks": 0,
            "Local Read Blocks": 0,
            "Local Dirtied Blocks": 0,
            "Local Written Blocks": 0,
            "Temp Read Blocks": 0,
            "Temp Written Blocks": 0
          },
          "Planning Time": 0.674,
          "Triggers": [],
          "JIT": {
            "Functions": 18,
            "Options": {
              "Inlining": false,
              "Optimization": false,
              "Expressions": true,
              "Deforming": true
            },
            "Timing": {
              "Generation": {
                "Deform": 0.341,
                "Total": 0.804
              },
              "Inlining": 0.0,
              "Optimization": 0.395,
              "Emission": 9.024,
              "Total": 10.224
            }
          },
          "Execution Time": 1303.357
        }
      ]
    },
    {
      "name": "Join Complexo - UUID",
      "type": "uuid",
      "query": "SELECT p.name, COUNT(c.id) as child_count, AVG(p.value) as avg_value FROM parent_uuid p LEFT JOIN child_uuid c ON p.id = c.parent_id WHERE p.value BETWEEN 200 AND 800 GROUP BY p.name ORDER BY child_count DESC LIMIT 100",
      "avg_time_ms": 1373.71,
      "min_time_ms": 1352.67,
      "max_time_ms": 1394.61,
      "std_dev_ms": 15.87,
      "execution_plan": [
        {
          "Plan": {
            "Node Type": "Limit",
            "Parallel Aware": false,
            "Async Capable": false,
            "Startup Cost": 118071.85,
            "Total Cost": 118072.1,
            "Plan Rows": 100,
            "Plan Width": 56,
            "Actual Startup Time": 1383.735,
            "Actual Total Time": 1383.744,
            "Actual Rows": 100,
            "Actual Loops": 1,
            "Shared Hit Blocks": 31067,
            "Shared Read Blocks": 0,
            "Shared Dirtied Blocks": 0,
            "Shared Written Blocks": 0,
            "Local Hit Blocks": 0,
            "Local Read Blocks": 0,
            "Local Dirtied Blocks": 0,
            "Local Written Blocks": 0,
            "Temp Read Blocks": 309,
            "Temp Written Blocks": 659,
            "Plans": [
              {
                "Node Type": "Sort",
                "Parent Relationship": "Outer",
                "Parallel Aware": false,
                "Async Capable": false,
                "Startup Cost": 118071.85,
                "Total Cost": 119565.95,
                "Plan Rows": 597637,
                "Plan Width": 56,
                "Actual Startup Time": 1374.125,
                "Actual Total Time": 1374.13,
                "Actual Rows": 100,
                "Actual Loops": 1,
                "Sort Key": [
                  "(count(c.id)) DESC"
                ],
                "Sort Method": "top-N heapsort",
                "Sort Space Used": 35,
                "Sort Space Type": "Memory",
                "Shared Hit Blocks": 31067,
                "Shared Read Blocks": 0,
                "Shared Dirtied Blocks": 0,
                "Shared Written Blocks": 0,
                "Local Hit Blocks": 0,
                "Local Read Blocks": 0,
                "Local Dirtied Blocks": 0,
                "Local Written Blocks": 0,
                "Temp Read Blocks": 309,
                "Temp Written Blocks": 659,
                "Plans": [
                  {
                    "Node Type": "Aggregate",
                    "Strategy": "Hashed",
                    "Partial Mode": "Simple",
                    "Parent Relationship": "Outer",
                    "Parallel Aware": false,
                    "Async Capable": false,
                    "Startup Cost": 87760.13,
                    "Total Cost": 95230.6,
                    "Plan Rows": 597637,
                    "Plan Width": 56,
                    "Actual Startup Time": 1015.396,
                    "Actual Total Time": 1291.159,
                    "Actual Rows": 601321,
                    "Actual Loops": 1,
                    "Group Key": [
                      "p.name"
                    ],
                    "Planned Partitions": 0,
                    "HashAgg Batches": 5,
                    "Peak Memory Usage": 131121,
                    "Disk Usage": 3496,
                    "Shared Hit Blocks": 31067,
                    "Shared Read Blocks": 0,
                    "Shared Dirtied Blocks": 0,
                    "Shared Written Blocks": 0,
                    "Local Hit Blocks": 0,
                    "Local Read Blocks": 0,
                    "Local Dirtied Blocks": 0,
                    "Local Written Blocks": 0,
                    "Temp Read Blocks": 309,
                    "Temp Written Blocks": 659,
                    "Plans": [
                      {
                        "Node Type": "Hash Join",
                        "Parent Relationship": "Outer",
                        "Parallel Aware": false,
                        "Async Capable": false,
                        "Join Type": "Right",
                        "Startup Cost": 30804.46,
                        "Total Cost": 78793.46,
                        "Plan Rows": 1195557,
                        "Plan Width": 36,
                        "Actual Startup Time": 205.834,
                        "Actual Total Time": 681.202,
                        "Actual Rows": 1202914,
                        "Actual Loops": 1,
                        "Inner Unique": true,
                        "Hash Cond": "(c.parent_id = p.id)",
                        "Shared Hit Blocks": 31067,
                        "Shared Read Blocks": 0,
                        "Shared Dirtied Blocks": 0,
                        "Shared Written Blocks": 0,
                        "Local Hit Blocks": 0,
                        "Local Read Blocks": 0,
                        "Local Dirtied Blocks": 0,
                        "Local Written Blocks": 0,
                        "Temp Read Blocks": 0,
                        "Temp Written Blocks": 0,
                        "Plans": [
                          {
                            "Node Type": "Seq Scan",
                            "Parent Relationship": "Outer",
                            "Parallel Aware": false,
                            "Async Capable": false,
                            "Relation Name": "child_uuid",
                            "Alias": "c",
                            "Startup Cost": 0.0,
                            "Total Cost": 42737.73,
                            "Plan Rows": 2000473,
                            "Plan Width": 32,
                            "Actual Startup Time": 0.007,
                            "Actual Total Time": 84.643,
                            "Actual Rows": 2000473,
                            "Actual Loops": 1,
                            "Shared Hit Blocks": 22733,
                            "Shared Read Blocks": 0,
                            "Shared Dirtied Blocks": 0,
                            "Shared Written Blocks": 0,
                            "Local Hit Blocks": 0,
                            "Local Read Blocks": 0,
                            "Local Dirtied Blocks": 0,
                            "Local Written Blocks": 0,
                            "Temp Read Blocks": 0,
                            "Temp Written Blocks": 0
                          },
                          {
                            "Node Type": "Hash",
                            "Parent Relationship": "Inner",
                            "Parallel Aware": false,
                            "Async Capable": false,
                            "Startup Cost": 23334.0,
                            "Total Cost": 23334.0,
                            "Plan Rows": 597637,
                            "Plan Width": 36,
                            "Actual Startup Time": 202.899,
                            "Actual Total Time": 202.899,
                            "Actual Rows": 601321,
                            "Actual Loops": 1,
                            "Hash Buckets": 1048576,
                            "Original Hash Buckets": 1048576,
                            "Hash Batches": 1,
                            "Original Hash Batches": 1,
                            "Peak Memory Usage": 50237,
                            "Shared Hit Blocks": 8334,
                            "Shared Read Blocks": 0,
                            "Shared Dirtied Blocks": 0,
                            "Shared Written Blocks": 0,
                            "Local Hit Blocks": 0,
                            "Local Read Blocks": 0,
                            "Local Dirtied Blocks": 0,
                            "Local Written Blocks": 0,
                            "Temp Read Blocks": 0,
                            "Temp Written Blocks": 0,
                            "Plans": [
                              {
                                "Node Type": "Seq Scan",
                                "Parent Relationship": "Outer",
                                "Parallel Aware": false,
                                "Async Capable": false,
                                "Relation Name": "parent_uuid",
                                "Alias": "p",
                                "Startup Cost": 0.0,
                                "Total Cost": 23334.0,
                                "Plan Rows": 597637,
                                "Plan Width": 36,
                                "Actual Startup Time": 0.037,
                                "Actual Total Time": 67.152,
                                "Actual Rows": 601321,
                                "Actual Loops": 1,
                                "Filter": "((value >= 200) AND (value <= 800))",
                                "Rows Removed by Filter": 398679,
                                "Shared Hit Blocks": 8334,
                                "Shared Read Blocks": 0,
                                "Shared Dirtied Blocks": 0,
                                "Shared Written Blocks": 0,
                                "Local Hit Blocks": 0,
                                "Local Read Blocks": 0,
                                "Local Dirtied Blocks": 0,
                                "Local Written Blocks": 0,
                                "Temp Read Blocks": 0,
                                "Temp Written Blocks": 0
                              }
                            ]
                          }
                        ]
                      }
                    ]
                  }
                ]
              }
            ]
          },
          "Planning": {
            "Shared Hit Blocks": 21,
            "Shared Read Blocks": 0,
            "Shared Dirtied Blocks": 0,
            "Shared Written Blocks": 0,
            "Local Hit Blocks": 0,
            "Local Read Blocks": 0,
            "Local Dirtied Blocks": 0,
            "Local Written Blocks": 0,
            "Temp Read Blocks": 0,
            "Temp Written Blocks": 0
          },
          "Planning Time": 0.268,
          "Triggers": [],
          "JIT": {
            "Functions": 21,
            "Options": {
              "Inlining": false,
              "Optimization": false,
              "Expressions": true,
              "Deforming": true
            },
            "Timing": {
              "Generation": {
                "Deform": 0.311,
                "Total": 0.971
              },
              "Inlining": 0.0,
              "Optimization": 0.763,
              "Emission": 12.326,
              "Total": 14.06
            }
          },
          "Execution Time": 1393.806
        }
      ]
    },
    {
      "name": "Múltiplos Joins - Serial",
      "type": "serial",
      "query": "WITH active_children AS (SELECT parent_id, COUNT(*) as active_count FROM child_serial WHERE active = true GROUP BY parent_id) SELECT p.id, p.name, p.value, COUNT(c.id) as total_children, COALESCE(ac.active_count, 0) as active_children FROM parent_serial p LEFT JOIN child_serial c ON p.id = c.parent_id LEFT JOIN active_children ac ON p.id = ac.parent_id WHERE p.value > 200 GROUP BY p.id, p.name, p.value, ac.active_count ORDER BY p.value DESC LIMIT 100",
      "avg_time_ms": 1660.2,
      "min_time_ms": 1603.56,
      "max_time_ms": 1724.68,
      "std_dev_ms": 47.77,
      "execution_plan": [
        {
          "Plan": {
            "Node Type": "Limit",
            "Parallel Aware": false,
            "Async Capable": false,
            "Startup Cost": 348169.17,
            "Total Cost": 348169.42,
            "Plan Rows": 100,
            "Plan Width": 43,
            "Actual Startup Time": 1601.551,
            "Actual Total Time": 1601.559,
            "Actual Rows": 100,
            "Actual Loops": 1,
            "Shared Hit Blocks": 51175,
            "Shared Read Blocks": 0,
            "Shared Dirtied Blocks": 0,
            "Shared Written Blocks": 0,
            "Local Hit Blocks": 0,
            "Local Read Blocks": 0,
            "Local Dirtied Blocks": 0,
            "Local Written Blocks": 0,
            "Temp Read Blocks": 0,
            "Temp Written Blocks": 0,
            "Plans": [
              {
                "Node Type": "Sort",
                "Parent Relationship": "Outer",
                "Parallel Aware": false,
                "Async Capable": false,
                "Startup Cost": 348169.17,
                "Total Cost": 352166.2,
                "Plan Rows": 1598813,
                "Plan Width": 43,
                "Actual Startup Time": 1592.032,
                "Actual Total Time": 1592.036,
                "Actual Rows": 100,
                "Actual Loops": 1,
                "Sort Key": [
                  "p.value DESC"
                ],
                "Sort Method": "top-N heapsort",
                "Sort Space Used": 36,
                "Sort Space Type": "Memory",
                "Shared Hit Blocks": 51175,
                "Shared Read Blocks": 0,
                "Shared Dirtied Blocks": 0,
                "Shared Written Blocks": 0,
                "Local Hit Blocks": 0,
                "Local Read Blocks": 0,
                "Local Dirtied Blocks": 0,
                "Local Written Blocks": 0,
                "Temp Read Blocks": 0,
                "Temp Written Blocks": 0,
                "Plans": [
                  {
                    "Node Type": "Aggregate",
                    "Strategy": "Sorted",
                    "Partial Mode": "Simple",
                    "Parent Relationship": "Outer",
                    "Parallel Aware": false,
                    "Async Capable": false,
                    "Startup Cost": 6.66,
                    "Total Cost": 287063.69,
                    "Plan Rows": 1598813,
                    "Plan Width": 43,
                    "Actual Startup Time": 0.282,
                    "Actual Total Time": 1487.772,
                    "Actual Rows": 798617,
                    "Actual Loops": 1,
                    "Group Key": [
                      "p.id",
                      "(count(*))"
                    ],
                    "Shared Hit Blocks": 51175,
                    "Shared Read Blocks": 0,
                    "Shared Dirtied Blocks": 0,
                    "Shared Written Blocks": 0,
                    "Local Hit Blocks": 0,
                    "Local Read Blocks": 0,
                    "Local Dirtied Blocks": 0,
                    "Local Written Blocks": 0,
                    "Temp Read Blocks": 0,
                    "Temp Written Blocks": 0,
                    "Plans": [
                      {
                        "Node Type": "Incremental Sort",
                        "Parent Relationship": "Outer",
                        "Parallel Aware": false,
                        "Async Capable": false,
                        "Startup Cost": 6.66,
                        "Total Cost": 259084.46,
                        "Plan Rows": 1598813,
                        "Plan Width": 31,
                        "Actual Startup Time": 0.253,
                        "Actual Total Time": 1212.571,
                        "Actual Rows": 1596844,
                        "Actual Loops": 1,
                        "Sort Key": [
                          "p.id",
                          "(count(*))"
                        ],
                        "Presorted Key": [
                          "p.id"
                        ],
                        "Full-sort Groups": {
                          "Group Count": 48875,
                          "Sort Methods Used": [
                            "quicksort"
                          ],
                          "Sort Space Memory": {
                            "Average Sort Space Used": 26,
                            "Peak Sort Space Used": 26
                          }
                        },
                        "Shared Hit Blocks": 51175,
                        "Shared Read Blocks": 0,
                        "Shared Dirtied Blocks": 0,
                        "Shared Written Blocks": 0,
                        "Local Hit Blocks": 0,
                        "Local Read Blocks": 0,
                        "Local Dirtied Blocks": 0,
                        "Local Written Blocks": 0,
                        "Temp Read Blocks": 0,
                        "Temp Written Blocks": 0,
                        "Plans": [
                          {
                            "Node Type": "Merge Join",
                            "Parent Relationship": "Outer",
                            "Parallel Aware": false,
                            "Async Capable": false,
                            "Join Type": "Left",
                            "Startup Cost": 6.38,
                            "Total Cost": 215111.1,
                            "Plan Rows": 1598813,
                            "Plan Width": 31,
                            "Actual Startup Time": 0.178,
                            "Actual Total Time": 964.456,
                            "Actual Rows": 1596844,
                            "Actual Loops": 1,
                            "Inner Unique": false,
                            "Merge Cond": "(p.id = c.parent_id)",
                            "Shared Hit Blocks": 51175,
                            "Shared Read Blocks": 0,
                            "Shared Dirtied Blocks": 0,
                            "Shared Written Blocks": 0,
                            "Local Hit Blocks": 0,
                            "Local Read Blocks": 0,
                            "Local Dirtied Blocks": 0,
                            "Local Written Blocks": 0,
                            "Temp Read Blocks": 0,
                            "Temp Written Blocks": 0,
                            "Plans": [
                              {
                                "Node Type": "Merge Join",
                                "Parent Relationship": "Outer",
                                "Parallel Aware": false,
                                "Async Capable": false,
                                "Join Type": "Left",
                                "Startup Cost": 0.85,
                                "Total Cost": 127326.15,
                                "Plan Rows": 799578,
                                "Plan Width": 27,
                                "Actual Startup Time": 0.146,
                                "Actual Total Time": 578.907,
                                "Actual Rows": 798617,
                                "Actual Loops": 1,
                                "Inner Unique": true,
                                "Merge Cond": "(p.id = child_serial.parent_id)",
                                "Shared Hit Blocks": 30140,
                                "Shared Read Blocks": 0,
                                "Shared Dirtied Blocks": 0,
                                "Shared Written Blocks": 0,
                                "Local Hit Blocks": 0,
                                "Local Read Blocks": 0,
                                "Local Dirtied Blocks": 0,
                                "Local Written Blocks": 0,
                                "Temp Read Blocks": 0,
                                "Temp Written Blocks": 0,
                                "Plans": [
                                  {
                                    "Node Type": "Index Scan",
                                    "Parent Relationship": "Outer",
                                    "Parallel Aware": false,
                                    "Async Capable": false,
                                    "Scan Direction": "Forward",
                                    "Index Name": "parent_serial_pkey",
                                    "Relation Name": "parent_serial",
                                    "Alias": "p",
                                    "Startup Cost": 0.42,
                                    "Total Cost": 34853.43,
                                    "Plan Rows": 799578,
                                    "Plan Width": 19,
                                    "Actual Startup Time": 0.069,
                                    "Actual Total Time": 115.295,
                                    "Actual Rows": 798617,
                                    "Actual Loops": 1,
                                    "Filter": "(value > 200)",
                                    "Rows Removed by Filter": 201383,
                                    "Shared Hit Blocks": 9105,
                                    "Shared Read Blocks": 0,
                                    "Shared Dirtied Blocks": 0,
                                    "Shared Written Blocks": 0,
                                    "Local Hit Blocks": 0,
                                    "Local Read Blocks": 0,
                                    "Local Dirtied Blocks": 0,
                                    "Local Written Blocks": 0,
                                    "Temp Read Blocks": 0,
                                    "Temp Written Blocks": 0
                                  },
                                  {
                                    "Node Type": "Aggregate",
                                    "Strategy": "Sorted",
                                    "Partial Mode": "Simple",
                                    "Parent Relationship": "Inner",
                                    "Parallel Aware": false,
                                    "Async Capable": false,
                                    "Startup Cost": 0.43,
                                    "Total Cost": 76546.92,
                                    "Plan Rows": 679499,
                                    "Plan Width": 12,
                                    "Actual Startup Time": 0.062,
                                    "Actual Total Time": 352.024,
                                    "Actual Rows": 708545,
                                    "Actual Loops": 1,
                                    "Group Key": [
                                      "child_serial.parent_id"
                                    ],
                                    "Shared Hit Blocks": 21035,
                                    "Shared Read Blocks": 0,
                                    "Shared Dirtied Blocks": 0,
                                    "Shared Written Blocks": 0,
                                    "Local Hit Blocks": 0,
                                    "Local Read Blocks": 0,
                                    "Local Dirtied Blocks": 0,
                                    "Local Written Blocks": 0,
                                    "Temp Read Blocks": 0,
                                    "Temp Written Blocks": 0,
                                    "Plans": [
                                      {
                                        "Node Type": "Index Scan",
                                        "Parent Relationship": "Outer",
                                        "Parallel Aware": false,
                                        "Async Capable": false,
                                        "Scan Direction": "Forward",
                                        "Index Name": "idx_child_serial_parent_id",
                                        "Relation Name": "child_serial",
                                        "Alias": "child_serial",
                                        "Startup Cost": 0.43,
                                        "Total Cost": 64799.99,
                                        "Plan Rows": 990388,
                                        "Plan Width": 4,
                                        "Actual Startup Time": 0.039,
                                        "Actual Total Time": 208.603,
                                        "Actual Rows": 1000776,
                                        "Actual Loops": 1,
                                        "Filter": "active",
                                        "Rows Removed by Filter": 998794,
                                        "Shared Hit Blocks": 21035,
                                        "Shared Read Blocks": 0,
                                        "Shared Dirtied Blocks": 0,
                                        "Shared Written Blocks": 0,
                                        "Local Hit Blocks": 0,
                                        "Local Read Blocks": 0,
                                        "Local Dirtied Blocks": 0,
                                        "Local Written Blocks": 0,
                                        "Temp Read Blocks": 0,
                                        "Temp Written Blocks": 0
                                      }
                                    ]
                                  }
                                ]
                              },
                              {
                                "Node Type": "Index Scan",
                                "Parent Relationship": "Inner",
                                "Parallel Aware": false,
                                "Async Capable": false,
                                "Scan Direction": "Forward",
                                "Index Name": "idx_child_serial_parent_id",
                                "Relation Name": "child_serial",
                                "Alias": "c",
                                "Startup Cost": 0.43,
                                "Total Cost": 64799.99,
                                "Plan Rows": 1999571,
                                "Plan Width": 8,
                                "Actual Startup Time": 0.015,
                                "Actual Total Time": 158.496,
                                "Actual Rows": 1999569,
                                "Actual Loops": 1,
                                "Shared Hit Blocks": 21035,
                                "Shared Read Blocks": 0,
                                "Shared Dirtied Blocks": 0,
                                "Shared Written Blocks": 0,
                                "Local Hit Blocks": 0,
                                "Local Read Blocks": 0,
                                "Local Dirtied Blocks": 0,
                                "Local Written Blocks": 0,
                                "Temp Read Blocks": 0,
                                "Temp Written Blocks": 0
                              }
                            ]
                          }
                        ]
                      }
                    ]
                  }
                ]
              }
            ]
          },
          "Planning": {
            "Shared Hit Blocks": 31,
            "Shared Read Blocks": 0,
            "Shared Dirtied Blocks": 0,
            "Shared Written Blocks": 0,
            "Local Hit Blocks": 0,
            "Local Read Blocks": 0,
            "Local Dirtied Blocks": 0,
            "Local Written Blocks": 0,
            "Temp Read Blocks": 0,
            "Temp Written Blocks": 0
          },
          "Planning Time": 0.315,
          "Triggers": [],
          "JIT": {
            "Functions": 24,
            "Options": {
              "Inlining": false,
              "Optimization": false,
              "Expressions": true,
              "Deforming": true
            },
            "Timing": {
              "Generation": {
                "Deform": 0.33,
                "Total": 0.85
              },
              "Inlining": 0.0,
              "Optimization": 0.341,
              "Emission": 9.212,
              "Total": 10.403
            }
          },
          "Execution Time": 1602.539
        }
      ]
    },
    {
      "name": "Múltiplos Joins - UUID",
      "type": "uuid",
      "query": "WITH active_children AS (SELECT parent_id, COUNT(*) as active_count FROM child_uuid WHERE active = true GROUP BY parent_id) SELECT p.id, p.name, p.value, COUNT(c.id) as total_children, COALESCE(ac.active_count, 0) as active_children FROM parent_uuid p LEFT JOIN child_uuid c ON p.id = c.parent_id LEFT JOIN active_children ac ON p.id = ac.parent_id WHERE p.value > 200 GROUP BY p.id, p.name, p.value, ac.active_count ORDER BY p.value DESC LIMIT 100",
      "avg_time_ms": 2490.19,
      "min_time_ms": 2480.79,
      "max_time_ms": 2503.17,
      "std_dev_ms": 8.38,
      "execution_plan": [
        {
          "Plan": {
            "Node Type": "Limit",
            "Parallel Aware": false,
            "Async Capable": false,
            "Startup Cost": 447106.82,
            "Total Cost": 447107.07,
            "Plan Rows": 100,
            "Plan Width": 60,
            "Actual Startup Time": 2471.929,
            "Actual Total Time": 2471.94,
            "Actual Rows": 100,
            "Actual Loops": 1,
            "Shared Hit Blocks": 53800,
            "Shared Read Blocks": 0,
            "Shared Dirtied Blocks": 0,
            "Shared Written Blocks": 0,
            "Local Hit Blocks": 0,
            "Local Read Blocks": 0,
            "Local Dirtied Blocks": 0,
            "Local Written Blocks": 0,
            "Temp Read Blocks": 0,
            "Temp Written Blocks": 0,
            "Plans": [
              {
                "Node Type": "Sort",
                "Parent Relationship": "Outer",
                "Parallel Aware": false,
                "Async Capable": false,
                "Startup Cost": 447106.82,
                "Total Cost": 451116.82,
                "Plan Rows": 1604001,
                "Plan Width": 60,
                "Actual Startup Time": 2461.352,
                "Actual Total Time": 2461.358,
                "Actual Rows": 100,
                "Actual Loops": 1,
                "Sort Key": [
                  "p.value DESC"
                ],
                "Sort Method": "top-N heapsort",
                "Sort Space Used": 48,
                "Sort Space Type": "Memory",
                "Shared Hit Blocks": 53800,
                "Shared Read Blocks": 0,
                "Shared Dirtied Blocks": 0,
                "Shared Written Blocks": 0,
                "Local Hit Blocks": 0,
                "Local Read Blocks": 0,
                "Local Dirtied Blocks": 0,
                "Local Written Blocks": 0,
                "Temp Read Blocks": 0,
                "Temp Written Blocks": 0,
                "Plans": [
                  {
                    "Node Type": "Aggregate",
                    "Strategy": "Hashed",
                    "Partial Mode": "Simple",
                    "Parent Relationship": "Outer",
                    "Parallel Aware": false,
                    "Async Capable": false,
                    "Startup Cost": 335302.09,
                    "Total Cost": 385803.06,
                    "Plan Rows": 1604001,
                    "Plan Width": 60,
                    "Actual Startup Time": 2174.721,
                    "Actual Total Time": 2346.647,
                    "Actual Rows": 798784,
                    "Actual Loops": 1,
                    "Group Key": [
                      "p.id",
                      "ac.active_count"
                    ],
                    "Planned Partitions": 4,
                    "HashAgg Batches": 1,
                    "Peak Memory Usage": 126993,
                    "Disk Usage": 0,
                    "Shared Hit Blocks": 53800,
                    "Shared Read Blocks": 0,
                    "Shared Dirtied Blocks": 0,
                    "Shared Written Blocks": 0,
                    "Local Hit Blocks": 0,
                    "Local Read Blocks": 0,
                    "Local Dirtied Blocks": 0,
                    "Local Written Blocks": 0,
                    "Temp Read Blocks": 0,
                    "Temp Written Blocks": 0,
                    "Plans": [
                      {
                        "Node Type": "Hash Join",
                        "Parent Relationship": "Outer",
                        "Parallel Aware": false,
                        "Async Capable": false,
                        "Join Type": "Left",
                        "Startup Cost": 101148.71,
                        "Total Cost": 153348.22,
                        "Plan Rows": 1604001,
                        "Plan Width": 60,
                        "Actual Startup Time": 868.422,
                        "Actual Total Time": 1758.239,
                        "Actual Rows": 1597457,
                        "Actual Loops": 1,
                        "Inner Unique": true,
                        "Hash Cond": "(p.id = ac.parent_id)",
                        "Shared Hit Blocks": 53800,
                        "Shared Read Blocks": 0,
                        "Shared Dirtied Blocks": 0,
                        "Shared Written Blocks": 0,
                        "Local Hit Blocks": 0,
                        "Local Read Blocks": 0,
                        "Local Dirtied Blocks": 0,
                        "Local Written Blocks": 0,
                        "Temp Read Blocks": 0,
                        "Temp Written Blocks": 0,
                        "Plans": [
                          {
                            "Node Type": "Hash Join",
                            "Parent Relationship": "Outer",
                            "Parallel Aware": false,
                            "Async Capable": false,
                            "Join Type": "Right",
                            "Startup Cost": 30856.64,
                            "Total Cost": 78845.63,
                            "Plan Rows": 1604001,
                            "Plan Width": 52,
                            "Actual Startup Time": 207.26,
                            "Actual Total Time": 733.637,
                            "Actual Rows": 1597457,
                            "Actual Loops": 1,
                            "Inner Unique": true,
                            "Hash Cond": "(c.parent_id = p.id)",
                            "Shared Hit Blocks": 31067,
                            "Shared Read Blocks": 0,
                            "Shared Dirtied Blocks": 0,
                            "Shared Written Blocks": 0,
                            "Local Hit Blocks": 0,
                            "Local Read Blocks": 0,
                            "Local Dirtied Blocks": 0,
                            "Local Written Blocks": 0,
                            "Temp Read Blocks": 0,
                            "Temp Written Blocks": 0,
                            "Plans": [
                              {
                                "Node Type": "Seq Scan",
                                "Parent Relationship": "Outer",
                                "Parallel Aware": false,
                                "Async Capable": false,
                                "Relation Name": "child_uuid",
                                "Alias": "c",
                                "Startup Cost": 0.0,
                                "Total Cost": 42737.73,
                                "Plan Rows": 2000473,
                                "Plan Width": 32,
                                "Actual Startup Time": 0.007,
                                "Actual Total Time": 85.098,
                                "Actual Rows": 2000473,
                                "Actual Loops": 1,
                                "Shared Hit Blocks": 22733,
                                "Shared Read Blocks": 0,
                                "Shared Dirtied Blocks": 0,
                                "Shared Written Blocks": 0,
                                "Local Hit Blocks": 0,
                                "Local Read Blocks": 0,
                                "Local Dirtied Blocks": 0,
                                "Local Written Blocks": 0,
                                "Temp Read Blocks": 0,
                                "Temp Written Blocks": 0
                              },
                              {
                                "Node Type": "Hash",
                                "Parent Relationship": "Inner",
                                "Parallel Aware": false,
                                "Async Capable": false,
                                "Startup Cost": 20834.0,
                                "Total Cost": 20834.0,
                                "Plan Rows": 801811,
                                "Plan Width": 36,
                                "Actual Startup Time": 204.859,
                                "Actual Total Time": 204.86,
                                "Actual Rows": 798784,
                                "Actual Loops": 1,
                                "Hash Buckets": 1048576,
                                "Original Hash Buckets": 1048576,
                                "Hash Batches": 1,
                                "Original Hash Batches": 1,
                                "Peak Memory Usage": 64045,
                                "Shared Hit Blocks": 8334,
                                "Shared Read Blocks": 0,
                                "Shared Dirtied Blocks": 0,
                                "Shared Written Blocks": 0,
                                "Local Hit Blocks": 0,
                                "Local Read Blocks": 0,
                                "Local Dirtied Blocks": 0,
                                "Local Written Blocks": 0,
                                "Temp Read Blocks": 0,
                                "Temp Written Blocks": 0,
                                "Plans": [
                                  {
                                    "Node Type": "Seq Scan",
                                    "Parent Relationship": "Outer",
                                    "Parallel Aware": false,
                                    "Async Capable": false,
                                    "Relation Name": "parent_uuid",
                                    "Alias": "p",
                                    "Startup Cost": 0.0,
                                    "Total Cost": 20834.0,
                                    "Plan Rows": 801811,
                                    "Plan Width": 36,
                                    "Actual Startup Time": 0.029,
                                    "Actual Total Time": 62.9,
                                    "Actual Rows": 798784,
                                    "Actual Loops": 1,
                                    "Filter": "(value > 200)",
                                    "Rows Removed by Filter": 201216,
                                    "Shared Hit Blocks": 8334,
                                    "Shared Read Blocks": 0,
                                    "Shared Dirtied Blocks": 0,
                                    "Shared Written Blocks": 0,
                                    "Local Hit Blocks": 0,
                                    "Local Read Blocks": 0,
                                    "Local Dirtied Blocks": 0,
                                    "Local Written Blocks": 0,
                                    "Temp Read Blocks": 0,
                                    "Temp Written Blocks": 0
                                  }
                                ]
                              }
                            ]
                          },
                          {
                            "Node Type": "Hash",
                            "Parent Relationship": "Inner",
                            "Parallel Aware": false,
                            "Async Capable": false,
                            "Startup Cost": 61602.01,
                            "Total Cost": 61602.01,
                            "Plan Rows": 695205,
                            "Plan Width": 24,
                            "Actual Startup Time": 659.062,
                            "Actual Total Time": 659.063,
                            "Actual Rows": 707334,
                            "Actual Loops": 1,
                            "Hash Buckets": 1048576,
                            "Original Hash Buckets": 1048576,
                            "Hash Batches": 1,
                            "Original Hash Batches": 1,
                            "Peak Memory Usage": 46875,
                            "Shared Hit Blocks": 22733,
                            "Shared Read Blocks": 0,
                            "Shared Dirtied Blocks": 0,
                            "Shared Written Blocks": 0,
                            "Local Hit Blocks": 0,
                            "Local Read Blocks": 0,
                            "Local Dirtied Blocks": 0,
                            "Local Written Blocks": 0,
                            "Temp Read Blocks": 0,
                            "Temp Written Blocks": 0,
                            "Plans": [
                              {
                                "Node Type": "Subquery Scan",
                                "Parent Relationship": "Outer",
                                "Parallel Aware": false,
                                "Async Capable": false,
                                "Alias": "ac",
                                "Startup Cost": 47697.9,
                                "Total Cost": 61602.01,
                                "Plan Rows": 695205,
                                "Plan Width": 24,
                                "Actual Startup Time": 342.46,
                                "Actual Total Time": 501.29,
                                "Actual Rows": 707334,
                                "Actual Loops": 1,
                                "Shared Hit Blocks": 22733,
                                "Shared Read Blocks": 0,
                                "Shared Dirtied Blocks": 0,
                                "Shared Written Blocks": 0,
                                "Local Hit Blocks": 0,
                                "Local Read Blocks": 0,
                                "Local Dirtied Blocks": 0,
                                "Local Written Blocks": 0,
                                "Temp Read Blocks": 0,
                                "Temp Written Blocks": 0,
                                "Plans": [
                                  {
                                    "Node Type": "Aggregate",
                                    "Strategy": "Hashed",
                                    "Partial Mode": "Simple",
                                    "Parent Relationship": "Subquery",
                                    "Parallel Aware": false,
                                    "Async Capable": false,
                                    "Startup Cost": 47697.9,
                                    "Total Cost": 54649.96,
                                    "Plan Rows": 695205,
                                    "Plan Width": 24,
                                    "Actual Startup Time": 342.457,
                                    "Actual Total Time": 458.364,
                                    "Actual Rows": 707334,
                                    "Actual Loops": 1,
                                    "Group Key": [
                                      "child_uuid.parent_id"
                                    ],
                                    "Planned Partitions": 0,
                                    "HashAgg Batches": 1,
                                    "Peak Memory Usage": 69649,
                                    "Disk Usage": 0,
                                    "Shared Hit Blocks": 22733,
                                    "Shared Read Blocks": 0,
                                    "Shared Dirtied Blocks": 0,
                                    "Shared Written Blocks": 0,
                                    "Local Hit Blocks": 0,
                                    "Local Read Blocks": 0,
                                    "Local Dirtied Blocks": 0,
                                    "Local Written Blocks": 0,
                                    "Temp Read Blocks": 0,
                                    "Temp Written Blocks": 0,
                                    "Plans": [
                                      {
                                        "Node Type": "Seq Scan",
                                        "Parent Relationship": "Outer",
                                        "Parallel Aware": false,
                                        "Async Capable": false,
                                        "Relation Name": "child_uuid",
                                        "Alias": "child_uuid",
                                        "Startup Cost": 0.0,
                                        "Total Cost": 42737.73,
                                        "Plan Rows": 992035,
                                        "Plan Width": 16,
                                        "Actual Startup Time": 0.021,
                                        "Actual Total Time": 116.425,
                                        "Actual Rows": 999672,
                                        "Actual Loops": 1,
                                        "Filter": "active",
                                        "Rows Removed by Filter": 1000801,
                                        "Shared Hit Blocks": 22733,
                                        "Shared Read Blocks": 0,
                                        "Shared Dirtied Blocks": 0,
                                        "Shared Written Blocks": 0,
                                        "Local Hit Blocks": 0,
                                        "Local Read Blocks": 0,
                                        "Local Dirtied Blocks": 0,
                                        "Local Written Blocks": 0,
                                        "Temp Read Blocks": 0,
                                        "Temp Written Blocks": 0
                                      }
                                    ]
                                  }
                                ]
                              }
                            ]
                          }
                        ]
                      }
                    ]
                  }
                ]
              }
            ]
          },
          "Planning": {
            "Shared Hit Blocks": 22,
            "Shared Read Blocks": 0,
            "Shared Dirtied Blocks": 0,
            "Shared Written Blocks": 0,
            "Local Hit Blocks": 0,
            "Local Read Blocks": 0,
            "Local Dirtied Blocks": 0,
            "Local Written Blocks": 0,
            "Temp Read Blocks": 0,
            "Temp Written Blocks": 0
          },
          "Planning Time": 0.296,
          "Triggers": [],
          "JIT": {
            "Functions": 31,
            "Options": {
              "Inlining": false,
              "Optimization": false,
              "Expressions": true,
              "Deforming": true
            },
            "Timing": {
              "Generation": {
                "Deform": 0.436,
                "Total": 1.308
              },
              "Inlining": 0.0,
              "Optimization": 0.387,
              "Emission": 10.298,
              "Total": 11.993
            }
          },
          "Execution Time": 2502.225
        }
      ]
    }
  ],
  "comparative_results": [
    {
      "test_type": "Join Simples",
      "serial_time": 0.95,
      "uuid_time": 2.64,
      "diff_percent": 177.89
    },
    {
      "test_type": "Join Complexo",
      "serial_time": 1287.0,
      "uuid_time": 1373.71,
      "diff_percent": 6.74
    },
    {
      "test_type": "Múltiplos Joins",
      "serial_time": 1660.2,
      "uuid_time": 2490.19,
      "diff_percent": 49.99
    }
  ]
}